Parsed input as NSt3__16vectorINS_12basic_stringIcNS_11char_traitsIcEENS_9allocatorIcEEEENS4_IS6_EEEE:
[x36, AND, y36, rpc]
[swn, OR, jrk, kfm]
[x36, XOR, y36, mvv]
[y28, XOR, x28, rnh]
[bfp, OR, wqc, rgb]
[tkc, OR, mfm, brs]
[kmb, XOR, gfj, z16]
[x25, AND, y25, mdt]
[mpp, AND, hfd, gjp]
[dhd, AND, mvb, vrf]
[y14, XOR, x14, qvt]
[shc, OR, bkk, wvr]
[x29, AND, y29, gdn]
[x11, XOR, y11, jpp]
[rws, OR, fts, mpp]
[wmq, OR, ngr, knj]
[x24, XOR, y24, gfg]
[tpf, AND, mgq, tkc]
[wvr, XOR, jgw, fkp]
[brs, AND, nmr, qpb]
[x18, AND, y18, qsw]
[pnb, OR, vjh, sfh]
[x44, XOR, y44, gcd]
[x22, AND, y22, mhd]
[x37, XOR, y37, dgg]
[vfj, XOR, dmh, z15]
[x30, XOR, y30, qgd]
[rpw, OR, gdn, wrv]
[ptj, OR, vqm, vjn]
[gfg, AND, pqf, pnb]
[x17, XOR, y17, rtv]
[y19, AND, x19, wpt]
[sfp, AND, sbq, tcv]
[hvv, OR, vmr, kpq]
[pgc, XOR, fvj, z02]
[knj, AND, ctw, vqm]
[y42, XOR, x42, vfb]
[y13, XOR, x13, vdk]
[x43, AND, y43, nhd]
[krg, XOR, dkw, z43]
[y32, AND, x32, vdm]
[hfd, XOR, mpp, z08]
[nfq, OR, qgm, cqq]
[x02, AND, y02, nss]
[rvw, XOR, dtb, z10]
[qvt, AND, qqv, rgj]
[mvv, XOR, sgr, z36]
[y11, AND, x11, wmq]
[cnd, XOR, jqv, z29]
[vdk, XOR, vjn, z13]
[x34, AND, y34, kjj]
[qvt, XOR, qqv, z14]
[y18, XOR, x18, mkt]
[bwk, OR, krn, pqf]
[nhs, XOR, cqq, z41]
[y31, AND, x31, z31]
[y23, AND, x23, bwk]
[sfh, AND, pmf, ctp]
[rvw, AND, dtb, sgv]
[tns, AND, chq, dwv]
[rqt, XOR, snv, z22]
[jqv, AND, cnd, rpw]
[x33, AND, y33, vtd]
[ctw, XOR, knj, z12]
[bpp, OR, ghf, z06]
[ffn, AND, rdj, shc]
[cfw, OR, tnc, sgr]
[wdm, AND, psv, fwc]
[vwn, OR, wpt, bvc]
[jkn, OR, gvk, z45]
[x00, XOR, y00, z00]
[qpf, XOR, mkt, z18]
[y12, AND, x12, ptj]
[dvq, XOR, rkm, z04]
[x15, XOR, y15, dmh]
[qrm, OR, nss, wdm]
[mhv, OR, mnv, rcs]
[qtq, OR, cqn, nwk]
[x20, XOR, y20, tpw]
[x04, AND, y04, ptd]
[nhd, OR, pnk, mdn]
[hjc, OR, hth, pgc]
[x20, AND, y20, qtq]
[gcd, XOR, mdn, z44]
[mgq, XOR, tpf, mfm]
[x30, AND, y30, bbk]
[dmh, AND, vfj, cpc]
[x44, AND, y44, gvk]
[dwv, OR, jvf, jjj]
[pkh, AND, fkp, rws]
[x39, AND, y39, wqc]
[fwc, OR, nbc, rkm]
[bdc, AND, bbd, dnc]
[x26, XOR, y26, tns]
[csh, AND, mst, vwn]
[x43, XOR, y43, dkw]
[bvc, XOR, tpw, z20]
[nwk, XOR, ngm, z21]
[rtv, XOR, kfm, z17]
[x06, AND, y06, bpp]
[x10, XOR, y10, dtb]
[y29, XOR, x29, cnd]
[y08, XOR, x08, hfd]
[y03, XOR, x03, psv]
[rgj, OR, bph, vfj]
[psv, XOR, wdm, z03]
[dnc, OR, vtd, mvb]
[gcn, AND, tqf, krn]
[y38, XOR, x38, krj]
[x24, AND, y24, vjh]
[y41, AND, x41, vmr]
[jgw, AND, wvr, ghf]
[x09, XOR, y09, sfp]
[y28, AND, x28, wpw]
[x40, XOR, y40, mkc]
[hsn, AND, dgg, snc]
[jpp, XOR, stv, ngr]
[mjb, OR, cpc, gfj]
[rcs, XOR, rnh, z28]
[sfp, XOR, sbq, z09]
[rtv, AND, kfm, jfr]
[tjh, OR, wpw, jqv]
[x16, XOR, y16, kmb]
[bgn, OR, wnm, snv]
[nmr, XOR, brs, z32]
[rpc, OR, dvm, hsn]
[gfg, XOR, pqf, z24]
[dkw, AND, krg, pnk]
[kmb, AND, gfj, jrk]
[skt, XOR, kjn, z01]
[gcn, XOR, tqf, z23]
[jjj, XOR, rhc, z27]
[y07, AND, x07, fts]
[y21, AND, x21, wnm]
[kvd, OR, snc, ntr]
[nht, XOR, hsp, z39]
[wrv, XOR, qgd, z30]
[y07, XOR, x07, pkh]
[tdv, OR, krj, hsp]
[stv, AND, jpp, z11]
[x27, AND, y27, mhv]
[bdc, XOR, bbd, z33]
[x12, XOR, y12, ctw]
[mvv, AND, sgr, dvm]
[x27, XOR, y27, rhc]
[x21, XOR, y21, ngm]
[mhn, XOR, mdg, z35]
[x19, XOR, y19, csh]
[y35, XOR, x35, mhn]
[snv, AND, rqt, tfs]
[rkm, AND, dvq, cjp]
[pgc, AND, fvj, qrm]
[kpq, XOR, vfb, z42]
[qgd, AND, wrv, gqt]
[y26, AND, x26, jvf]
[x39, XOR, y39, nht]
[vdk, AND, vjn, jqm]
[bvc, AND, tpw, cqn]
[y32, XOR, x32, nmr]
[x25, XOR, y25, pmf]
[y09, AND, x09, prs]
[y14, AND, x14, bph]
[qpb, OR, vdm, bdc]
[gqt, OR, bbk, tpf]
[x40, AND, y40, qgm]
[sfh, XOR, pmf, z25]
[x22, XOR, y22, rqt]
[rhc, AND, jjj, mnv]
[csh, XOR, mst, z19]
[x42, AND, y42, krw]
[x34, XOR, y34, dhd]
[x35, AND, y35, tnc]
[ngm, AND, nwk, bgn]
[tdh, OR, jqm, qqv]
[y00, AND, x00, skt]
[y41, XOR, x41, nhs]
[ntr, XOR, bpt, z38]
[vrf, OR, kjj, mdg]
[kvf, OR, krw, krg]
[x03, AND, y03, nbc]
[dhd, XOR, mvb, z34]
[qpf, AND, mkt, rsd]
[y01, XOR, x01, kjn]
[x17, AND, y17, bvg]
[jfr, OR, bvg, qpf]
[y13, AND, x13, tdh]
[bpb, OR, gjp, sbq]
[x16, AND, y16, swn]
[x02, XOR, y02, fvj]
[y15, AND, x15, mjb]
[x23, XOR, y23, tqf]
[rnh, AND, rcs, tjh]
[x05, AND, y05, bkk]
[hsn, XOR, dgg, z37]
[qsw, OR, rsd, mst]
[sgv, OR, qnf, stv]
[y01, AND, x01, hth]
[y38, AND, x38, bpt]
[rgb, AND, mkc, nfq]
[y33, XOR, x33, bbd]
[tns, XOR, chq, z26]
[ctp, OR, mdt, chq]
[nhs, AND, cqq, hvv]
[pkh, XOR, fkp, z07]
[rdj, XOR, ffn, z05]
[mhd, OR, tfs, gcn]
[y10, AND, x10, qnf]
[hsp, AND, nht, bfp]
[gcd, AND, mdn, jkn]
[ntr, AND, bpt, tdv]
[prs, OR, tcv, rvw]
[x05, XOR, y05, ffn]
[y04, XOR, x04, dvq]
[x31, XOR, y31, mgq]
[y08, AND, x08, bpb]
[mhn, AND, mdg, cfw]
[y37, AND, x37, kvd]
[rgb, XOR, mkc, z40]
[cjp, OR, ptd, rdj]
[x06, XOR, y06, jgw]
[skt, AND, kjn, hjc]
[vfb, AND, kpq, kvf]
=== total 222 records ===
[x00, XOR, y00, z00]; [y00, AND, x00, skt]; ####################; ####################; 
[y01, XOR, x01, kjn]; [y01, AND, x01, hth]; [skt, XOR, kjn, z01]; [skt, AND, kjn, hjc]; [hjc, OR, hth, pgc]
[x02, XOR, y02, fvj]; [x02, AND, y02, nss]; [pgc, XOR, fvj, z02]; [pgc, AND, fvj, qrm]; [qrm, OR, nss, wdm]
[y03, XOR, x03, psv]; [x03, AND, y03, nbc]; [psv, XOR, wdm, z03]; [wdm, AND, psv, fwc]; [fwc, OR, nbc, rkm]
[y04, XOR, x04, dvq]; [x04, AND, y04, ptd]; [dvq, XOR, rkm, z04]; [rkm, AND, dvq, cjp]; [cjp, OR, ptd, rdj]
[x05, XOR, y05, ffn]; [x05, AND, y05, bkk]; [rdj, XOR, ffn, z05]; [ffn, AND, rdj, shc]; [shc, OR, bkk, wvr]
[x06, XOR, y06, jgw]; [x06, AND, y06, bpp]; [wvr, XOR, jgw, fkp]; [jgw, AND, wvr, ghf]; [bpp, OR, ghf, z06]
[y07, XOR, x07, pkh]; [y07, AND, x07, fts]; [pkh, XOR, fkp, z07]; [pkh, AND, fkp, rws]; [rws, OR, fts, mpp]
[y08, XOR, x08, hfd]; [y08, AND, x08, bpb]; [hfd, XOR, mpp, z08]; [mpp, AND, hfd, gjp]; [bpb, OR, gjp, sbq]
[x09, XOR, y09, sfp]; [y09, AND, x09, prs]; [sfp, XOR, sbq, z09]; [sfp, AND, sbq, tcv]; [prs, OR, tcv, rvw]
[x10, XOR, y10, dtb]; [y10, AND, x10, qnf]; [rvw, XOR, dtb, z10]; [rvw, AND, dtb, sgv]; [sgv, OR, qnf, stv]
[x11, XOR, y11, jpp]; [y11, AND, x11, wmq]; [jpp, XOR, stv, ngr]; [stv, AND, jpp, z11]; 
[x12, XOR, y12, ctw]; [y12, AND, x12, ptj]; [ctw, XOR, knj, z12]; [knj, AND, ctw, vqm]; [ptj, OR, vqm, vjn]
[y13, XOR, x13, vdk]; [y13, AND, x13, tdh]; [vdk, XOR, vjn, z13]; [vdk, AND, vjn, jqm]; [tdh, OR, jqm, qqv]
[y14, XOR, x14, qvt]; [y14, AND, x14, bph]; [qvt, XOR, qqv, z14]; [qvt, AND, qqv, rgj]; [rgj, OR, bph, vfj]
[x15, XOR, y15, dmh]; [y15, AND, x15, mjb]; [vfj, XOR, dmh, z15]; [dmh, AND, vfj, cpc]; [mjb, OR, cpc, gfj]
[x16, XOR, y16, kmb]; [x16, AND, y16, swn]; [kmb, XOR, gfj, z16]; [kmb, AND, gfj, jrk]; [swn, OR, jrk, kfm]
[x17, XOR, y17, rtv]; [x17, AND, y17, bvg]; [rtv, XOR, kfm, z17]; [rtv, AND, kfm, jfr]; [jfr, OR, bvg, qpf]
[y18, XOR, x18, mkt]; [x18, AND, y18, qsw]; [qpf, XOR, mkt, z18]; [qpf, AND, mkt, rsd]; [qsw, OR, rsd, mst]
[x19, XOR, y19, csh]; [y19, AND, x19, wpt]; [csh, XOR, mst, z19]; [csh, AND, mst, vwn]; [vwn, OR, wpt, bvc]
[x20, XOR, y20, tpw]; [x20, AND, y20, qtq]; [bvc, XOR, tpw, z20]; [bvc, AND, tpw, cqn]; [qtq, OR, cqn, nwk]
[x21, XOR, y21, ngm]; [y21, AND, x21, wnm]; [nwk, XOR, ngm, z21]; [ngm, AND, nwk, bgn]; [bgn, OR, wnm, snv]
[x22, XOR, y22, rqt]; [x22, AND, y22, mhd]; [rqt, XOR, snv, z22]; [snv, AND, rqt, tfs]; [mhd, OR, tfs, gcn]
[x23, XOR, y23, tqf]; [y23, AND, x23, bwk]; [gcn, XOR, tqf, z23]; [gcn, AND, tqf, krn]; [bwk, OR, krn, pqf]
[x24, XOR, y24, gfg]; [x24, AND, y24, vjh]; [gfg, XOR, pqf, z24]; [gfg, AND, pqf, pnb]; [pnb, OR, vjh, sfh]
[x25, XOR, y25, pmf]; [x25, AND, y25, mdt]; [sfh, XOR, pmf, z25]; [sfh, AND, pmf, ctp]; [ctp, OR, mdt, chq]
[x26, XOR, y26, tns]; [y26, AND, x26, jvf]; [tns, XOR, chq, z26]; [tns, AND, chq, dwv]; [dwv, OR, jvf, jjj]
[x27, XOR, y27, rhc]; [x27, AND, y27, mhv]; [jjj, XOR, rhc, z27]; [rhc, AND, jjj, mnv]; [mhv, OR, mnv, rcs]
[y28, XOR, x28, rnh]; [y28, AND, x28, wpw]; [rcs, XOR, rnh, z28]; [rnh, AND, rcs, tjh]; [tjh, OR, wpw, jqv]
[y29, XOR, x29, cnd]; [x29, AND, y29, gdn]; [cnd, XOR, jqv, z29]; [jqv, AND, cnd, rpw]; [rpw, OR, gdn, wrv]
[x30, XOR, y30, qgd]; [x30, AND, y30, bbk]; [wrv, XOR, qgd, z30]; [qgd, AND, wrv, gqt]; [gqt, OR, bbk, tpf]
[x31, XOR, y31, mgq]; [y31, AND, x31, z31]; [mgq, XOR, tpf, mfm]; [tpf, AND, mgq, tkc]; [tkc, OR, mfm, brs]
[y32, XOR, x32, nmr]; [y32, AND, x32, vdm]; [nmr, XOR, brs, z32]; [brs, AND, nmr, qpb]; [qpb, OR, vdm, bdc]
[y33, XOR, x33, bbd]; [x33, AND, y33, vtd]; [bdc, XOR, bbd, z33]; [bdc, AND, bbd, dnc]; [dnc, OR, vtd, mvb]
[x34, XOR, y34, dhd]; [x34, AND, y34, kjj]; [dhd, XOR, mvb, z34]; [dhd, AND, mvb, vrf]; [vrf, OR, kjj, mdg]
[y35, XOR, x35, mhn]; [x35, AND, y35, tnc]; [mhn, XOR, mdg, z35]; [mhn, AND, mdg, cfw]; [cfw, OR, tnc, sgr]
[x36, XOR, y36, mvv]; [x36, AND, y36, rpc]; [mvv, XOR, sgr, z36]; [mvv, AND, sgr, dvm]; [rpc, OR, dvm, hsn]
[x37, XOR, y37, dgg]; [y37, AND, x37, kvd]; [hsn, XOR, dgg, z37]; [hsn, AND, dgg, snc]; [kvd, OR, snc, ntr]
[y38, XOR, x38, krj]; [y38, AND, x38, bpt]; ####################; ####################; 
[x39, XOR, y39, nht]; [x39, AND, y39, wqc]; [nht, XOR, hsp, z39]; [hsp, AND, nht, bfp]; [bfp, OR, wqc, rgb]
[x40, XOR, y40, mkc]; [x40, AND, y40, qgm]; [rgb, XOR, mkc, z40]; [rgb, AND, mkc, nfq]; [nfq, OR, qgm, cqq]
[y41, XOR, x41, nhs]; [y41, AND, x41, vmr]; [nhs, XOR, cqq, z41]; [nhs, AND, cqq, hvv]; [hvv, OR, vmr, kpq]
[y42, XOR, x42, vfb]; [x42, AND, y42, krw]; [kpq, XOR, vfb, z42]; [vfb, AND, kpq, kvf]; [kvf, OR, krw, krg]
[x43, XOR, y43, dkw]; [x43, AND, y43, nhd]; [krg, XOR, dkw, z43]; [dkw, AND, krg, pnk]; [nhd, OR, pnk, mdn]
[x44, XOR, y44, gcd]; [x44, AND, y44, gvk]; [gcd, XOR, mdn, z44]; [gcd, AND, mdn, jkn]; [jkn, OR, gvk, z45]
